12:41:32 **** Build of configuration Debug for project ejercicio_1_3 ****
make all 
Building file: ../ejercicio_1_3.c
Invoking: GCC C Compiler
gcc -O0 -g3 -Wall -c -fmessage-length=0 -MMD -MP -MF"ejercicio_1_3.d" -MT"ejercicio_1_3.o" -o "ejercicio_1_3.o" "../ejercicio_1_3.c"
../ejercicio_1_3.c: In function ‘main’:
../ejercicio_1_3.c:47:12: warning: format ‘%d’ expects argument of type ‘int *’, but argument 2 has type ‘char *’ [-Wformat=]
    scanf("%d",&tipoCursada);
           ~^  ~~~~~~~~~~~~
           %hhd
../ejercicio_1_3.c:30:6: warning: unused variable ‘edadAlumno’ [-Wunused-variable]
  int edadAlumno;
      ^~~~~~~~~~
../ejercicio_1_3.c:29:6: warning: unused variable ‘notaPromedio’ [-Wunused-variable]
  int notaPromedio; // entre 0 y 10
      ^~~~~~~~~~~~
../ejercicio_1_3.c:28:7: warning: unused variable ‘sexoAlumno’ [-Wunused-variable]
  char sexoAlumno; // m-masculino / f-femenino / o-no binario
       ^~~~~~~~~~
../ejercicio_1_3.c:27:6: warning: unused variable ‘cantidadMaterias’ [-Wunused-variable]
  int cantidadMaterias; // entre 0 y 8
      ^~~~~~~~~~~~~~~~
Finished building: ../ejercicio_1_3.c
 
Building target: ejercicio_1_3
Invoking: GCC C Linker
gcc  -o "ejercicio_1_3"  ./ejercicio_1_3.o   
Finished building target: ejercicio_1_3
 
12:41:43 **** Incremental Build of configuration Debug for project ejercicio_1_3 ****
make all 
make: No se hace nada para 'all'.
12:42:20 **** Incremental Build of configuration Debug for project ejercicio_1_3 ****
make all 
make: No se hace nada para 'all'.
12:43:06 **** Incremental Build of configuration Debug for project ejercicio_1_3 ****
make all 
make: No se hace nada para 'all'.
12:44:02 **** Incremental Build of configuration Debug for project ejercicio_1_3 ****
make all 
Building file: ../ejercicio_1_3.c
Invoking: GCC C Compiler
gcc -O0 -g3 -Wall -c -fmessage-length=0 -MMD -MP -MF"ejercicio_1_3.d" -MT"ejercicio_1_3.o" -o "ejercicio_1_3.o" "../ejercicio_1_3.c"
../ejercicio_1_3.c: In function ‘main’:
../ejercicio_1_3.c:47:12: warning: format ‘%d’ expects argument of type ‘int *’, but argument 2 has type ‘char *’ [-Wformat=]
    scanf("%d",&tipoCursada);
           ~^  ~~~~~~~~~~~~
           %hhd
../ejercicio_1_3.c:30:6: warning: unused variable ‘edadAlumno’ [-Wunused-variable]
  int edadAlumno;
      ^~~~~~~~~~
../ejercicio_1_3.c:29:6: warning: unused variable ‘notaPromedio’ [-Wunused-variable]
  int notaPromedio; // entre 0 y 10
      ^~~~~~~~~~~~
../ejercicio_1_3.c:28:7: warning: unused variable ‘sexoAlumno’ [-Wunused-variable]
  char sexoAlumno; // m-masculino / f-femenino / o-no binario
       ^~~~~~~~~~
../ejercicio_1_3.c:27:6: warning: unused variable ‘cantidadMaterias’ [-Wunused-variable]
  int cantidadMaterias; // entre 0 y 8
      ^~~~~~~~~~~~~~~~
Finished building: ../ejercicio_1_3.c
 
Building target: ejercicio_1_3
Invoking: GCC C Linker
gcc  -o "ejercicio_1_3"  ./ejercicio_1_3.o   
Finished building target: ejercicio_1_3
 
12:44:26 **** Incremental Build of configuration Debug for project ejercicio_1_3 ****
make all 
Building file: ../ejercicio_1_3.c
Invoking: GCC C Compiler
gcc -O0 -g3 -Wall -c -fmessage-length=0 -MMD -MP -MF"ejercicio_1_3.d" -MT"ejercicio_1_3.o" -o "ejercicio_1_3.o" "../ejercicio_1_3.c"
../ejercicio_1_3.c: In function ‘main’:
../ejercicio_1_3.c:47:12: warning: format ‘%d’ expects argument of type ‘int *’, but argument 2 has type ‘char *’ [-Wformat=]
    scanf("%d",&tipoCursada);
           ~^  ~~~~~~~~~~~~
           %hhd
Finished building: ../ejercicio_1_3.c
 
Building target: ejercicio_1_3
Invoking: GCC C Linker
gcc  -o "ejercicio_1_3"  ./ejercicio_1_3.o   
Finished building target: ejercicio_1_3
 
12:44:28 **** Incremental Build of configuration Debug for project ejercicio_1_3 ****
make all 
make: No se hace nada para 'all'.
12:44:41 **** Incremental Build of configuration Debug for project ejercicio_1_3 ****
make all 
make: No se hace nada para 'all'.
12:45:50 **** Incremental Build of configuration Debug for project ejercicio_1_3 ****
make all 
make: No se hace nada para 'all'.
12:48:08 **** Incremental Build of configuration Debug for project ejercicio_1_3 ****
make all 
Building file: ../ejercicio_1_3.c
Invoking: GCC C Compiler
gcc -O0 -g3 -Wall -c -fmessage-length=0 -MMD -MP -MF"ejercicio_1_3.d" -MT"ejercicio_1_3.o" -o "ejercicio_1_3.o" "../ejercicio_1_3.c"
../ejercicio_1_3.c: In function ‘main’:
../ejercicio_1_3.c:44:3: warning: implicit declaration of function ‘__fpurge’ [-Wimplicit-function-declaration]
   __fpurge();
   ^~~~~~~~
../ejercicio_1_3.c:48:12: warning: format ‘%d’ expects argument of type ‘int *’, but argument 2 has type ‘char *’ [-Wformat=]
    scanf("%d",&tipoCursada);
           ~^  ~~~~~~~~~~~~
           %hhd
Finished building: ../ejercicio_1_3.c
 
Building target: ejercicio_1_3
Invoking: GCC C Linker
gcc  -o "ejercicio_1_3"  ./ejercicio_1_3.o   
Finished building target: ejercicio_1_3
 
12:51:27 **** Incremental Build of configuration Debug for project ejercicio_1_3 ****
make all 
Building file: ../ejercicio_1_3.c
Invoking: GCC C Compiler
gcc -O0 -g3 -Wall -c -fmessage-length=0 -MMD -MP -MF"ejercicio_1_3.d" -MT"ejercicio_1_3.o" -o "ejercicio_1_3.o" "../ejercicio_1_3.c"
../ejercicio_1_3.c: In function ‘main’:
../ejercicio_1_3.c:49:12: warning: format ‘%d’ expects argument of type ‘int *’, but argument 2 has type ‘char *’ [-Wformat=]
    scanf("%d",&tipoCursada);
           ~^  ~~~~~~~~~~~~
           %hhd
Finished building: ../ejercicio_1_3.c
 
Building target: ejercicio_1_3
Invoking: GCC C Linker
gcc  -o "ejercicio_1_3"  ./ejercicio_1_3.o   
Finished building target: ejercicio_1_3
 
12:51:29 **** Incremental Build of configuration Debug for project ejercicio_1_3 ****
make all 
make: No se hace nada para 'all'.
12:52:25 **** Incremental Build of configuration Debug for project ejercicio_1_3 ****
make all 
Building file: ../ejercicio_1_3.c
Invoking: GCC C Compiler
gcc -O0 -g3 -Wall -c -fmessage-length=0 -MMD -MP -MF"ejercicio_1_3.d" -MT"ejercicio_1_3.o" -o "ejercicio_1_3.o" "../ejercicio_1_3.c"
../ejercicio_1_3.c: In function ‘main’:
../ejercicio_1_3.c:48:12: warning: format ‘%d’ expects argument of type ‘int *’, but argument 2 has type ‘char *’ [-Wformat=]
    scanf("%d",&tipoCursada);
           ~^  ~~~~~~~~~~~~
           %hhd
Finished building: ../ejercicio_1_3.c
 
Building target: ejercicio_1_3
Invoking: GCC C Linker
gcc  -o "ejercicio_1_3"  ./ejercicio_1_3.o   
Finished building target: ejercicio_1_3
 
12:52:57 **** Incremental Build of configuration Debug for project ejercicio_1_3 ****
make all 
Building file: ../ejercicio_1_3.c
Invoking: GCC C Compiler
gcc -O0 -g3 -Wall -c -fmessage-length=0 -MMD -MP -MF"ejercicio_1_3.d" -MT"ejercicio_1_3.o" -o "ejercicio_1_3.o" "../ejercicio_1_3.c"
Finished building: ../ejercicio_1_3.c
 
Building target: ejercicio_1_3
Invoking: GCC C Linker
gcc  -o "ejercicio_1_3"  ./ejercicio_1_3.o   
Finished building target: ejercicio_1_3
 
12:52:59 **** Incremental Build of configuration Debug for project ejercicio_1_3 ****
make all 
make: No se hace nada para 'all'.
12:53:02 **** Incremental Build of configuration Debug for project ejercicio_1_3 ****
make all 
make: No se hace nada para 'all'.
12:54:05 **** Incremental Build of configuration Debug for project ejercicio_1_3 ****
make all 
make: No se hace nada para 'all'.
12:55:14 **** Incremental Build of configuration Debug for project ejercicio_1_3 ****
make all 
Building file: ../ejercicio_1_3.c
Invoking: GCC C Compiler
gcc -O0 -g3 -Wall -c -fmessage-length=0 -MMD -MP -MF"ejercicio_1_3.d" -MT"ejercicio_1_3.o" -o "ejercicio_1_3.o" "../ejercicio_1_3.c"
Finished building: ../ejercicio_1_3.c
 
Building target: ejercicio_1_3
Invoking: GCC C Linker
gcc  -o "ejercicio_1_3"  ./ejercicio_1_3.o   
Finished building target: ejercicio_1_3
 
12:55:17 **** Incremental Build of configuration Debug for project ejercicio_1_3 ****
make all 
make: No se hace nada para 'all'.
12:56:08 **** Incremental Build of configuration Debug for project ejercicio_1_3 ****
make all 
Building file: ../ejercicio_1_3.c
Invoking: GCC C Compiler
gcc -O0 -g3 -Wall -c -fmessage-length=0 -MMD -MP -MF"ejercicio_1_3.d" -MT"ejercicio_1_3.o" -o "ejercicio_1_3.o" "../ejercicio_1_3.c"
Finished building: ../ejercicio_1_3.c
 
Building target: ejercicio_1_3
Invoking: GCC C Linker
gcc  -o "ejercicio_1_3"  ./ejercicio_1_3.o   
Finished building target: ejercicio_1_3
 
12:56:10 **** Incremental Build of configuration Debug for project ejercicio_1_3 ****
make all 
make: No se hace nada para 'all'.
12:56:49 **** Incremental Build of configuration Debug for project ejercicio_1_3 ****
make all 
Building file: ../ejercicio_1_3.c
Invoking: GCC C Compiler
gcc -O0 -g3 -Wall -c -fmessage-length=0 -MMD -MP -MF"ejercicio_1_3.d" -MT"ejercicio_1_3.o" -o "ejercicio_1_3.o" "../ejercicio_1_3.c"
Finished building: ../ejercicio_1_3.c
 
Building target: ejercicio_1_3
Invoking: GCC C Linker
gcc  -o "ejercicio_1_3"  ./ejercicio_1_3.o   
Finished building target: ejercicio_1_3
 
12:56:51 **** Incremental Build of configuration Debug for project ejercicio_1_3 ****
make all 
make: No se hace nada para 'all'.
